<?xml version="1.0" encoding="UTF-8"?>
<!-- Generated by org.testng.reporters.JUnitXMLReporter -->
<testsuite hostname="satnams-air.3pillar.corp" name="API Test Suite" tests="5" failures="0" timestamp="19 Apr 2017 08:32:49 GMT" time="12.036" errors="0">
  <testcase name="enrolAndDisenrollUserInAnActivities" time="0.165" classname="org.tests.RestApiTest"/>
  <testcase name="enrolUserInAnExistingActivities" time="0.103" classname="org.tests.RestApiTest"/>
  <testcase name="getActivityIdWithDifficultyParameter" time="0.247" classname="org.tests.RestApiTest"/>
  <testcase name="getActivityWithAnActivityId" time="0.089" classname="org.tests.RestApiTest"/>
  <testcase name="getUserActivities" time="0.065" classname="org.tests.RestApiTest"/>
</testsuite> <!-- API Test Suite -->
